{"D:\\Users\\bort1\\Documents\\GitHub\\gb-generators\\packages\\generator-lerna-typescript\\generators\\app\\index.js": {"path":"D:\\Users\\bort1\\Documents\\GitHub\\gb-generators\\packages\\generator-lerna-typescript\\generators\\app\\index.js","statementMap":{"0":{"start":{"line":2,"column":18},"end":{"line":2,"column":45}},"1":{"start":{"line":3,"column":14},"end":{"line":3,"column":30}},"2":{"start":{"line":4,"column":14},"end":{"line":4,"column":30}},"3":{"start":{"line":5,"column":13},"end":{"line":5,"column":28}},"4":{"start":{"line":6,"column":13},"end":{"line":6,"column":28}},"5":{"start":{"line":8,"column":0},"end":{"line":81,"column":2}},"6":{"start":{"line":10,"column":20},"end":{"line":17,"column":6}},"7":{"start":{"line":18,"column":4},"end":{"line":18,"column":27}},"8":{"start":{"line":22,"column":4},"end":{"line":24,"column":6}},"9":{"start":{"line":26,"column":4},"end":{"line":28,"column":7}},"10":{"start":{"line":29,"column":4},"end":{"line":29,"column":53}},"11":{"start":{"line":30,"column":4},"end":{"line":30,"column":51}},"12":{"start":{"line":32,"column":4},"end":{"line":32,"column":44}},"13":{"start":{"line":36,"column":20},"end":{"line":38,"column":5}},"14":{"start":{"line":39,"column":4},"end":{"line":42,"column":6}},"15":{"start":{"line":43,"column":4},"end":{"line":46,"column":6}},"16":{"start":{"line":48,"column":22},"end":{"line":51,"column":5}},"17":{"start":{"line":53,"column":4},"end":{"line":53,"column":70}},"18":{"start":{"line":55,"column":4},"end":{"line":58,"column":6}},"19":{"start":{"line":59,"column":4},"end":{"line":63,"column":6}},"20":{"start":{"line":64,"column":4},"end":{"line":67,"column":6}},"21":{"start":{"line":71,"column":4},"end":{"line":71,"column":71}},"22":{"start":{"line":75,"column":4},"end":{"line":79,"column":6}}},"fnMap":{"0":{"name":"(anonymous_0)","decl":{"start":{"line":9,"column":2},"end":{"line":9,"column":3}},"loc":{"start":{"line":9,"column":20},"end":{"line":19,"column":3}},"line":9},"1":{"name":"(anonymous_1)","decl":{"start":{"line":21,"column":2},"end":{"line":21,"column":3}},"loc":{"start":{"line":21,"column":17},"end":{"line":33,"column":3}},"line":21},"2":{"name":"(anonymous_2)","decl":{"start":{"line":35,"column":2},"end":{"line":35,"column":3}},"loc":{"start":{"line":35,"column":12},"end":{"line":68,"column":3}},"line":35},"3":{"name":"(anonymous_3)","decl":{"start":{"line":70,"column":2},"end":{"line":70,"column":3}},"loc":{"start":{"line":70,"column":12},"end":{"line":72,"column":3}},"line":70},"4":{"name":"(anonymous_4)","decl":{"start":{"line":74,"column":2},"end":{"line":74,"column":3}},"loc":{"start":{"line":74,"column":8},"end":{"line":80,"column":3}},"line":74}},"branchMap":{"0":{"loc":{"start":{"line":50,"column":15},"end":{"line":50,"column":65}},"type":"cond-expr","locations":[{"start":{"line":50,"column":42},"end":{"line":50,"column":55}},{"start":{"line":50,"column":58},"end":{"line":50,"column":65}}],"line":50}},"s":{"0":2,"1":2,"2":2,"3":2,"4":2,"5":2,"6":2,"7":2,"8":2,"9":2,"10":2,"11":2,"12":2,"13":2,"14":2,"15":2,"16":2,"17":2,"18":2,"19":2,"20":2,"21":2,"22":2},"f":{"0":2,"1":2,"2":2,"3":2,"4":2},"b":{"0":[1,1]},"inputSourceMap":null,"_coverageSchema":"1a1c01bbd47fc00a2c39e90264f33305004495a9","hash":"c3d7a62ce5e6463553b054c93a8c0ea43cf8d8d7"}
,"D:\\Users\\bort1\\Documents\\GitHub\\gb-generators\\packages\\generator-lerna-typescript\\generators\\classlib\\index.js": {"path":"D:\\Users\\bort1\\Documents\\GitHub\\gb-generators\\packages\\generator-lerna-typescript\\generators\\classlib\\index.js","statementMap":{"0":{"start":{"line":2,"column":18},"end":{"line":2,"column":45}},"1":{"start":{"line":3,"column":13},"end":{"line":3,"column":28}},"2":{"start":{"line":4,"column":13},"end":{"line":4,"column":28}},"3":{"start":{"line":6,"column":0},"end":{"line":44,"column":2}},"4":{"start":{"line":8,"column":4},"end":{"line":8,"column":22}},"5":{"start":{"line":9,"column":4},"end":{"line":13,"column":7}},"6":{"start":{"line":14,"column":4},"end":{"line":18,"column":7}},"7":{"start":{"line":22,"column":20},"end":{"line":27,"column":5}},"8":{"start":{"line":28,"column":16},"end":{"line":28,"column":74}},"9":{"start":{"line":28,"column":25},"end":{"line":28,"column":74}},"10":{"start":{"line":29,"column":4},"end":{"line":33,"column":6}},"11":{"start":{"line":34,"column":4},"end":{"line":38,"column":6}},"12":{"start":{"line":42,"column":4},"end":{"line":42,"column":71}}},"fnMap":{"0":{"name":"(anonymous_0)","decl":{"start":{"line":7,"column":2},"end":{"line":7,"column":3}},"loc":{"start":{"line":7,"column":26},"end":{"line":19,"column":3}},"line":7},"1":{"name":"(anonymous_1)","decl":{"start":{"line":21,"column":2},"end":{"line":21,"column":3}},"loc":{"start":{"line":21,"column":12},"end":{"line":39,"column":3}},"line":21},"2":{"name":"(anonymous_2)","decl":{"start":{"line":28,"column":16},"end":{"line":28,"column":17}},"loc":{"start":{"line":28,"column":25},"end":{"line":28,"column":74}},"line":28},"3":{"name":"(anonymous_3)","decl":{"start":{"line":41,"column":2},"end":{"line":41,"column":3}},"loc":{"start":{"line":41,"column":12},"end":{"line":43,"column":3}},"line":41}},"branchMap":{},"s":{"0":2,"1":2,"2":2,"3":2,"4":2,"5":2,"6":2,"7":2,"8":2,"9":4,"10":2,"11":2,"12":2},"f":{"0":2,"1":2,"2":4,"3":2},"b":{},"inputSourceMap":null,"_coverageSchema":"1a1c01bbd47fc00a2c39e90264f33305004495a9","hash":"cf0f1d54403fc43095bf25382bf27e6a65f20ae3"}
,"D:\\Users\\bort1\\Documents\\GitHub\\gb-generators\\packages\\generator-lerna-typescript\\generators\\eslint\\index.js": {"path":"D:\\Users\\bort1\\Documents\\GitHub\\gb-generators\\packages\\generator-lerna-typescript\\generators\\eslint\\index.js","statementMap":{"0":{"start":{"line":2,"column":18},"end":{"line":2,"column":45}},"1":{"start":{"line":4,"column":0},"end":{"line":31,"column":2}},"2":{"start":{"line":6,"column":4},"end":{"line":9,"column":6}},"3":{"start":{"line":10,"column":20},"end":{"line":23,"column":5}},"4":{"start":{"line":25,"column":4},"end":{"line":25,"column":70}},"5":{"start":{"line":29,"column":4},"end":{"line":29,"column":22}}},"fnMap":{"0":{"name":"(anonymous_0)","decl":{"start":{"line":5,"column":2},"end":{"line":5,"column":3}},"loc":{"start":{"line":5,"column":12},"end":{"line":26,"column":3}},"line":5},"1":{"name":"(anonymous_1)","decl":{"start":{"line":28,"column":2},"end":{"line":28,"column":3}},"loc":{"start":{"line":28,"column":12},"end":{"line":30,"column":3}},"line":28}},"branchMap":{},"s":{"0":3,"1":3,"2":3,"3":3,"4":3,"5":3},"f":{"0":3,"1":3},"b":{},"inputSourceMap":null,"_coverageSchema":"1a1c01bbd47fc00a2c39e90264f33305004495a9","hash":"2463598fd1c0e4dad4baf8e070a4fb4382da0d75"}
,"D:\\Users\\bort1\\Documents\\GitHub\\gb-generators\\packages\\generator-lerna-typescript\\generators\\package\\index.js": {"path":"D:\\Users\\bort1\\Documents\\GitHub\\gb-generators\\packages\\generator-lerna-typescript\\generators\\package\\index.js","statementMap":{"0":{"start":{"line":2,"column":14},"end":{"line":2,"column":36}},"1":{"start":{"line":3,"column":18},"end":{"line":3,"column":45}},"2":{"start":{"line":4,"column":13},"end":{"line":4,"column":28}},"3":{"start":{"line":6,"column":0},"end":{"line":70,"column":2}},"4":{"start":{"line":8,"column":4},"end":{"line":8,"column":22}},"5":{"start":{"line":9,"column":4},"end":{"line":13,"column":7}},"6":{"start":{"line":17,"column":20},"end":{"line":17,"column":66}},"7":{"start":{"line":18,"column":20},"end":{"line":23,"column":5}},"8":{"start":{"line":25,"column":22},"end":{"line":27,"column":6}},"9":{"start":{"line":29,"column":24},"end":{"line":48,"column":5}},"10":{"start":{"line":50,"column":16},"end":{"line":50,"column":69}},"11":{"start":{"line":50,"column":25},"end":{"line":50,"column":69}},"12":{"start":{"line":51,"column":4},"end":{"line":55,"column":6}},"13":{"start":{"line":56,"column":4},"end":{"line":60,"column":6}},"14":{"start":{"line":62,"column":4},"end":{"line":62,"column":57}},"15":{"start":{"line":64,"column":4},"end":{"line":68,"column":6}}},"fnMap":{"0":{"name":"(anonymous_0)","decl":{"start":{"line":7,"column":2},"end":{"line":7,"column":3}},"loc":{"start":{"line":7,"column":26},"end":{"line":14,"column":3}},"line":7},"1":{"name":"(anonymous_1)","decl":{"start":{"line":16,"column":2},"end":{"line":16,"column":3}},"loc":{"start":{"line":16,"column":12},"end":{"line":69,"column":3}},"line":16},"2":{"name":"(anonymous_2)","decl":{"start":{"line":50,"column":16},"end":{"line":50,"column":17}},"loc":{"start":{"line":50,"column":25},"end":{"line":50,"column":69}},"line":50}},"branchMap":{"0":{"loc":{"start":{"line":19,"column":19},"end":{"line":21,"column":22}},"type":"cond-expr","locations":[{"start":{"line":20,"column":10},"end":{"line":20,"column":45}},{"start":{"line":21,"column":10},"end":{"line":21,"column":22}}],"line":19},"1":{"loc":{"start":{"line":32,"column":8},"end":{"line":32,"column":73}},"type":"cond-expr","locations":[{"start":{"line":32,"column":46},"end":{"line":32,"column":53}},{"start":{"line":32,"column":56},"end":{"line":32,"column":73}}],"line":32}},"s":{"0":3,"1":3,"2":3,"3":3,"4":3,"5":3,"6":3,"7":3,"8":3,"9":3,"10":3,"11":12,"12":3,"13":3,"14":3,"15":3},"f":{"0":3,"1":3,"2":12},"b":{"0":[3,0],"1":[2,1]},"inputSourceMap":null,"_coverageSchema":"1a1c01bbd47fc00a2c39e90264f33305004495a9","hash":"0abd6d469b3e32cb1ad0ff581bbd1d7486e83ae6"}
,"D:\\Users\\bort1\\Documents\\GitHub\\gb-generators\\packages\\generator-lerna-typescript\\generators\\prettier\\index.js": {"path":"D:\\Users\\bort1\\Documents\\GitHub\\gb-generators\\packages\\generator-lerna-typescript\\generators\\prettier\\index.js","statementMap":{"0":{"start":{"line":2,"column":18},"end":{"line":2,"column":45}},"1":{"start":{"line":4,"column":0},"end":{"line":25,"column":2}},"2":{"start":{"line":6,"column":20},"end":{"line":13,"column":5}},"3":{"start":{"line":15,"column":4},"end":{"line":15,"column":70}},"4":{"start":{"line":16,"column":4},"end":{"line":19,"column":6}},"5":{"start":{"line":23,"column":4},"end":{"line":23,"column":22}}},"fnMap":{"0":{"name":"(anonymous_0)","decl":{"start":{"line":5,"column":2},"end":{"line":5,"column":3}},"loc":{"start":{"line":5,"column":12},"end":{"line":20,"column":3}},"line":5},"1":{"name":"(anonymous_1)","decl":{"start":{"line":22,"column":2},"end":{"line":22,"column":3}},"loc":{"start":{"line":22,"column":12},"end":{"line":24,"column":3}},"line":22}},"branchMap":{},"s":{"0":3,"1":3,"2":3,"3":3,"4":3,"5":3},"f":{"0":3,"1":3},"b":{},"inputSourceMap":null,"_coverageSchema":"1a1c01bbd47fc00a2c39e90264f33305004495a9","hash":"d1343cb757a20cd9ffd1ed5d87f73933ee25480e"}
,"D:\\Users\\bort1\\Documents\\GitHub\\gb-generators\\packages\\generator-lerna-typescript\\utils\\index.js": {"path":"D:\\Users\\bort1\\Documents\\GitHub\\gb-generators\\packages\\generator-lerna-typescript\\utils\\index.js","statementMap":{"0":{"start":{"line":2,"column":11},"end":{"line":2,"column":26}},"1":{"start":{"line":4,"column":14},"end":{"line":4,"column":30}},"2":{"start":{"line":5,"column":2},"end":{"line":9,"column":3}},"3":{"start":{"line":6,"column":16},"end":{"line":6,"column":45}},"4":{"start":{"line":7,"column":16},"end":{"line":7,"column":36}},"5":{"start":{"line":8,"column":4},"end":{"line":8,"column":41}},"6":{"start":{"line":11,"column":13},"end":{"line":11,"column":30}},"7":{"start":{"line":12,"column":2},"end":{"line":12,"column":24}},"8":{"start":{"line":15,"column":0},"end":{"line":15,"column":40}}},"fnMap":{"0":{"name":"getPackageInfo","decl":{"start":{"line":3,"column":9},"end":{"line":3,"column":23}},"loc":{"start":{"line":3,"column":31},"end":{"line":13,"column":1}},"line":3}},"branchMap":{"0":{"loc":{"start":{"line":5,"column":2},"end":{"line":9,"column":3}},"type":"if","locations":[{"start":{"line":5,"column":2},"end":{"line":9,"column":3}},{"start":{"line":5,"column":2},"end":{"line":9,"column":3}}],"line":5},"1":{"loc":{"start":{"line":5,"column":6},"end":{"line":5,"column":52}},"type":"binary-expr","locations":[{"start":{"line":5,"column":6},"end":{"line":5,"column":24}},{"start":{"line":5,"column":28},"end":{"line":5,"column":52}}],"line":5}},"s":{"0":4,"1":4,"2":4,"3":3,"4":3,"5":3,"6":1,"7":1,"8":4},"f":{"0":4},"b":{"0":[3,1],"1":[4,3]},"inputSourceMap":null,"_coverageSchema":"1a1c01bbd47fc00a2c39e90264f33305004495a9","hash":"d0568c07a1fa709b5719c3b7a34745455240766e"}
,"D:\\Users\\bort1\\Documents\\GitHub\\gb-generators\\packages\\generator-webpack-ts\\lib\\generator-webpack-ts.js": {"path":"D:\\Users\\bort1\\Documents\\GitHub\\gb-generators\\packages\\generator-webpack-ts\\lib\\generator-webpack-ts.js","statementMap":{"0":{"start":{"line":3,"column":0},"end":{"line":3,"column":36}}},"fnMap":{"0":{"name":"generatorWebpackTs","decl":{"start":{"line":5,"column":9},"end":{"line":5,"column":27}},"loc":{"start":{"line":5,"column":30},"end":{"line":7,"column":1}},"line":5}},"branchMap":{},"s":{"0":1},"f":{"0":0},"b":{},"inputSourceMap":null,"_coverageSchema":"1a1c01bbd47fc00a2c39e90264f33305004495a9","hash":"0cb90dd842785314d4a14fad6baca65016e4c89d"}
}
