TN:
SF:packages\generator-lerna-typescript\generators\app\index.js
FN:9,(anonymous_0)
FN:21,(anonymous_1)
FN:35,(anonymous_2)
FN:70,(anonymous_3)
FN:74,(anonymous_4)
FNF:5
FNH:5
FNDA:2,(anonymous_0)
FNDA:2,(anonymous_1)
FNDA:2,(anonymous_2)
FNDA:2,(anonymous_3)
FNDA:2,(anonymous_4)
DA:2,2
DA:3,2
DA:4,2
DA:5,2
DA:6,2
DA:8,2
DA:10,2
DA:18,2
DA:22,2
DA:26,2
DA:29,2
DA:30,2
DA:32,2
DA:36,2
DA:39,2
DA:43,2
DA:48,2
DA:53,2
DA:55,2
DA:59,2
DA:64,2
DA:71,2
DA:75,2
LF:23
LH:23
BRDA:50,0,0,1
BRDA:50,0,1,1
BRF:2
BRH:2
end_of_record
TN:
SF:packages\generator-lerna-typescript\generators\classlib\index.js
FN:7,(anonymous_0)
FN:21,(anonymous_1)
FN:28,(anonymous_2)
FN:41,(anonymous_3)
FNF:4
FNH:4
FNDA:2,(anonymous_0)
FNDA:2,(anonymous_1)
FNDA:4,(anonymous_2)
FNDA:2,(anonymous_3)
DA:2,2
DA:3,2
DA:4,2
DA:6,2
DA:8,2
DA:9,2
DA:14,2
DA:22,2
DA:28,4
DA:29,2
DA:34,2
DA:42,2
LF:12
LH:12
BRF:0
BRH:0
end_of_record
TN:
SF:packages\generator-lerna-typescript\generators\eslint\index.js
FN:5,(anonymous_0)
FN:28,(anonymous_1)
FNF:2
FNH:2
FNDA:3,(anonymous_0)
FNDA:3,(anonymous_1)
DA:2,3
DA:4,3
DA:6,3
DA:10,3
DA:25,3
DA:29,3
LF:6
LH:6
BRF:0
BRH:0
end_of_record
TN:
SF:packages\generator-lerna-typescript\generators\package\index.js
FN:7,(anonymous_0)
FN:16,(anonymous_1)
FN:50,(anonymous_2)
FNF:3
FNH:3
FNDA:3,(anonymous_0)
FNDA:3,(anonymous_1)
FNDA:12,(anonymous_2)
DA:2,3
DA:3,3
DA:4,3
DA:6,3
DA:8,3
DA:9,3
DA:17,3
DA:18,3
DA:25,3
DA:29,3
DA:50,12
DA:51,3
DA:56,3
DA:62,3
DA:64,3
LF:15
LH:15
BRDA:19,0,0,3
BRDA:19,0,1,0
BRDA:32,1,0,2
BRDA:32,1,1,1
BRF:4
BRH:3
end_of_record
TN:
SF:packages\generator-lerna-typescript\generators\prettier\index.js
FN:5,(anonymous_0)
FN:22,(anonymous_1)
FNF:2
FNH:2
FNDA:3,(anonymous_0)
FNDA:3,(anonymous_1)
DA:2,3
DA:4,3
DA:6,3
DA:15,3
DA:16,3
DA:23,3
LF:6
LH:6
BRF:0
BRH:0
end_of_record
TN:
SF:packages\generator-lerna-typescript\utils\index.js
FN:3,getPackageInfo
FNF:1
FNH:1
FNDA:4,getPackageInfo
DA:2,4
DA:4,4
DA:5,4
DA:6,3
DA:7,3
DA:8,3
DA:11,1
DA:12,1
DA:15,4
LF:9
LH:9
BRDA:5,0,0,3
BRDA:5,0,1,1
BRDA:5,1,0,4
BRDA:5,1,1,3
BRF:4
BRH:4
end_of_record
TN:
SF:packages\generator-webpack-ts\lib\generator-webpack-ts.js
FN:5,generatorWebpackTs
FNF:1
FNH:0
FNDA:0,generatorWebpackTs
DA:3,1
LF:1
LH:1
BRF:0
BRH:0
end_of_record
